<?xml version="1.0" encoding="UTF-8"?>
<con:soapui-project activeEnvironment="Default" name="Test Demo REST Jersey with Spring" resourceRoot="" soapui-version="5.0.0" abortOnError="false" runType="SEQUENTIAL" xmlns:con="http://eviware.com/soapui/config"><con:settings/><con:interface xsi:type="con:RestService" wadlVersion="http://wadl.dev.java.net/2009/02" name="http://localhost:8888" type="rest" xmlns:xsi="http://www.w3.org/2001/XMLSchema-instance"><con:settings/><con:definitionCache type="TEXT" rootPart=""/><con:endpoints><con:endpoint>${#Project#baseUrl}</con:endpoint><con:endpoint>http://localhost:8080/demo-rest-jersey-spring</con:endpoint><con:endpoint>http://localhost:8888/demo-rest-jersey-spring</con:endpoint></con:endpoints><con:resource name="podcasts" path="/podcasts/"><con:settings/><con:parameters><con:parameter><con:name>orderByInsertionDate</con:name><con:style>QUERY</con:style></con:parameter></con:parameters><con:method name="GET podcasts" method="GET"><con:settings/><con:parameters/><con:representation type="RESPONSE"><con:mediaType>application/json</con:mediaType><con:status>200</con:status><con:params/><con:element>Response</con:element></con:representation><con:representation type="FAULT"><con:mediaType>application/json</con:mediaType><con:status>400 500</con:status><con:params/><con:element xmlns:pod="http://localhost/demo-rest-jersey-spring/podcasts/">pod:Fault</con:element></con:representation><con:representation type="RESPONSE"><con:mediaType xsi:nil="true"/><con:status>0</con:status><con:params/><con:element>data</con:element></con:representation><con:representation type="RESPONSE"><con:mediaType xsi:nil="true"/><con:status>0</con:status><con:params/><con:element>data</con:element></con:representation><con:representation type="RESPONSE"><con:mediaType>application/xml</con:mediaType><con:status>200</con:status><con:params/><con:element>podcasts</con:element></con:representation><con:request name="Request 1" mediaType="application/json"><con:settings><con:setting id="com.eviware.soapui.impl.wsdl.WsdlRequest@request-headers">&lt;xml-fragment/></con:setting></con:settings><con:endpoint>${#Project#baseUrl}</con:endpoint><con:request/><con:originalUri>http://localhost/demo-rest-jersey-spring/podcasts/</con:originalUri><con:credentials><con:username xsi:nil="true"/><con:password xsi:nil="true"/><con:domain xsi:nil="true"/><con:authType>No Authorization</con:authType></con:credentials><con:jmsConfig JMSDeliveryMode="PERSISTENT"/><con:jmsPropertyConfig/><con:parameters/><con:parameterOrder><con:entry/></con:parameterOrder></con:request></con:method><con:method name="POST new podcast with JSON" method="POST"><con:settings/><con:parameters/><con:representation type="FAULT"><con:mediaType>application/json</con:mediaType><con:status>406 500 409 400</con:status><con:params/><con:element xmlns:pod="http://localhost/demo-rest-jersey-spring/podcasts/">pod:Fault</con:element></con:representation><con:representation type="REQUEST"><con:mediaType>application/json</con:mediaType><con:params/></con:representation><con:representation type="RESPONSE"><con:mediaType xsi:nil="true"/><con:status>0</con:status><con:params/><con:element>data</con:element></con:representation><con:representation type="RESPONSE"><con:mediaType xsi:nil="true"/><con:status>0</con:status><con:params/><con:element>data</con:element></con:representation><con:representation type="RESPONSE"><con:mediaType>text/html</con:mediaType><con:status>201</con:status><con:params/><con:element>html</con:element></con:representation><con:representation type="RESPONSE"><con:mediaType xsi:nil="true"/><con:status>0</con:status><con:params/><con:element>data</con:element></con:representation><con:representation type="RESPONSE"><con:mediaType xsi:nil="true"/><con:status>0</con:status><con:params/><con:element>data</con:element></con:representation><con:representation type="RESPONSE"><con:mediaType xsi:nil="true"/><con:status>0</con:status><con:params/><con:element>data</con:element></con:representation><con:representation type="RESPONSE"><con:mediaType xsi:nil="true"/><con:status>0</con:status><con:params/><con:element>data</con:element></con:representation><con:request name="Request 1" mediaType="application/json" postQueryString="false"><con:settings/><con:endpoint>${#Project#baseUrl}</con:endpoint><con:request/><con:credentials><con:username xsi:nil="true"/><con:password xsi:nil="true"/><con:domain xsi:nil="true"/><con:authType>No Authorization</con:authType></con:credentials><con:jmsConfig JMSDeliveryMode="PERSISTENT"/><con:jmsPropertyConfig/><con:parameters/></con:request></con:method><con:method name="POST new podcast with form url encoded data" method="POST"><con:settings/><con:parameters><con:parameter><con:name>title</con:name><con:value/><con:style>QUERY</con:style><con:default/></con:parameter><con:parameter><con:name>linkOnPodcastpedia</con:name><con:value/><con:style>QUERY</con:style><con:default/></con:parameter><con:parameter><con:name>feed</con:name><con:value/><con:style>QUERY</con:style><con:default/></con:parameter><con:parameter><con:name>description</con:name><con:value/><con:style>QUERY</con:style><con:default/></con:parameter></con:parameters><con:representation type="FAULT"><con:mediaType>application/json</con:mediaType><con:status>406 500 409 400 415</con:status><con:params/><con:element xmlns:pod="http://localhost/demo-rest-jersey-spring/podcasts/">pod:Fault</con:element></con:representation><con:representation type="REQUEST"><con:mediaType>application/json</con:mediaType><con:params/></con:representation><con:representation type="RESPONSE"><con:mediaType xsi:nil="true"/><con:status>0</con:status><con:params/><con:element>data</con:element></con:representation><con:representation type="RESPONSE"><con:mediaType xsi:nil="true"/><con:status>0</con:status><con:params/><con:element>data</con:element></con:representation><con:representation type="RESPONSE"><con:mediaType>text/html</con:mediaType><con:status>201</con:status><con:params/><con:element>html</con:element></con:representation><con:representation type="RESPONSE"><con:mediaType xsi:nil="true"/><con:status>0</con:status><con:params/><con:element>data</con:element></con:representation><con:representation type="REQUEST"><con:mediaType>multipart/form-data</con:mediaType><con:params/></con:representation><con:representation type="REQUEST"><con:mediaType>application/x-www-form-urlencoded</con:mediaType><con:params/></con:representation><con:request name="Request 1" mediaType="application/x-www-form-urlencoded" postQueryString="true"><con:settings><con:setting id="com.eviware.soapui.impl.wsdl.WsdlRequest@request-headers">&lt;xml-fragment/></con:setting></con:settings><con:endpoint>${#Project#baseUrl}</con:endpoint><con:request/><con:originalUri>http://localhost/demo-rest-jersey-spring/podcasts/</con:originalUri><con:credentials><con:username xsi:nil="true"/><con:password xsi:nil="true"/><con:domain xsi:nil="true"/><con:authType>No Authorization</con:authType></con:credentials><con:jmsConfig JMSDeliveryMode="PERSISTENT"/><con:jmsPropertyConfig/><con:parameters/><con:parameterOrder><con:entry>orderByInsertionDate</con:entry><con:entry>title</con:entry><con:entry>linkOnPodcastpedia</con:entry><con:entry>feed</con:entry><con:entry>description</con:entry></con:parameterOrder></con:request></con:method><con:method name="DELETE all podcasts" method="DELETE"><con:settings/><con:parameters/><con:representation type="RESPONSE"><con:mediaType xsi:nil="true"/><con:status>204</con:status><con:params/><con:element>data</con:element></con:representation><con:representation type="RESPONSE"><con:mediaType xsi:nil="true"/><con:status>204</con:status><con:params/><con:element>data</con:element></con:representation><con:representation type="RESPONSE"><con:mediaType xsi:nil="true"/><con:status>204</con:status><con:params/><con:element>data</con:element></con:representation><con:representation type="RESPONSE"><con:mediaType xsi:nil="true"/><con:status>204</con:status><con:params/><con:element>data</con:element></con:representation><con:representation type="RESPONSE"><con:mediaType xsi:nil="true"/><con:status>0</con:status><con:params/><con:element>data</con:element></con:representation><con:representation type="RESPONSE"><con:mediaType xsi:nil="true"/><con:status>204</con:status><con:params/><con:element>data</con:element></con:representation><con:representation type="FAULT"><con:mediaType xsi:nil="true"/><con:status>404</con:status><con:params/><con:element>data</con:element></con:representation><con:representation type="RESPONSE"><con:mediaType xsi:nil="true"/><con:status>204</con:status><con:params/><con:element>data</con:element></con:representation><con:representation type="RESPONSE"><con:mediaType xsi:nil="true"/><con:status>0</con:status><con:params/><con:element>data</con:element></con:representation><con:representation type="RESPONSE"><con:mediaType xsi:nil="true"/><con:status>204</con:status><con:params/><con:element>data</con:element></con:representation><con:representation type="RESPONSE"><con:mediaType xsi:nil="true"/><con:status>204</con:status><con:params/><con:element>data</con:element></con:representation><con:representation type="FAULT"><con:mediaType xsi:nil="true"/><con:status>404</con:status><con:params/><con:element>data</con:element></con:representation><con:representation type="FAULT"><con:mediaType xsi:nil="true"/><con:status>404</con:status><con:params/><con:element>data</con:element></con:representation><con:representation type="RESPONSE"><con:mediaType xsi:nil="true"/><con:status>204</con:status><con:params/><con:element>data</con:element></con:representation><con:representation type="RESPONSE"><con:mediaType xsi:nil="true"/><con:status>204</con:status><con:params/><con:element>data</con:element></con:representation><con:representation type="FAULT"><con:mediaType>application/json</con:mediaType><con:status>500</con:status><con:params/><con:element xmlns:pod="http://localhost/demo-rest-jersey-spring/podcasts/">pod:Fault</con:element></con:representation><con:representation type="RESPONSE"><con:mediaType xsi:nil="true"/><con:status>204</con:status><con:params/><con:element>data</con:element></con:representation><con:representation type="RESPONSE"><con:mediaType xsi:nil="true"/><con:status>204</con:status><con:params/><con:element>data</con:element></con:representation><con:representation type="RESPONSE"><con:mediaType xsi:nil="true"/><con:status>204</con:status><con:params/><con:element>data</con:element></con:representation><con:representation type="RESPONSE"><con:mediaType xsi:nil="true"/><con:status>204</con:status><con:params/><con:element>data</con:element></con:representation><con:representation type="RESPONSE"><con:mediaType xsi:nil="true"/><con:status>0</con:status><con:params/><con:element>data</con:element></con:representation><con:representation type="RESPONSE"><con:mediaType xsi:nil="true"/><con:status>204</con:status><con:params/><con:element>data</con:element></con:representation><con:representation type="RESPONSE"><con:mediaType xsi:nil="true"/><con:status>204</con:status><con:params/><con:element>data</con:element></con:representation><con:request name="Request 1" mediaType="application/json"><con:settings/><con:endpoint>${#Project#baseUrl}</con:endpoint><con:request/><con:credentials><con:username xsi:nil="true"/><con:password xsi:nil="true"/><con:domain xsi:nil="true"/><con:authType>No Authorization</con:authType></con:credentials><con:jmsConfig JMSDeliveryMode="PERSISTENT"/><con:jmsPropertyConfig/><con:parameters/></con:request></con:method></con:resource><con:resource name="{id}" path="/podcasts/{id}"><con:settings/><con:parameters><con:parameter><con:name>id</con:name><con:value>id</con:value><con:style>TEMPLATE</con:style><con:default>id</con:default></con:parameter></con:parameters><con:method name="GET podcast by {id}" method="GET"><con:settings/><con:parameters/><con:representation type="RESPONSE"><con:mediaType>application/json</con:mediaType><con:status>200</con:status><con:params/><con:element xmlns:ns="http://localhost/demo-rest-jersey-spring/podcasts/1">ns:Response</con:element></con:representation><con:representation type="FAULT"><con:mediaType>application/json</con:mediaType><con:status>404 500</con:status><con:params/><con:element xmlns:pod="http://localhost/demo-rest-jersey-spring/podcasts/">pod:Fault</con:element></con:representation><con:representation type="RESPONSE"><con:mediaType xsi:nil="true"/><con:status>0</con:status><con:params/><con:element>data</con:element></con:representation><con:representation type="FAULT"><con:mediaType xsi:nil="true"/><con:status>404</con:status><con:params/><con:element>data</con:element></con:representation><con:representation type="FAULT"><con:mediaType xsi:nil="true"/><con:status>404</con:status><con:params/><con:element>data</con:element></con:representation><con:representation type="RESPONSE"><con:mediaType xsi:nil="true"/><con:status>0</con:status><con:params/><con:element>data</con:element></con:representation><con:representation type="RESPONSE"><con:mediaType>application/xml</con:mediaType><con:status>200</con:status><con:params/><con:element>podcast</con:element></con:representation><con:representation type="FAULT"><con:mediaType>text/html; charset=ISO-8859-1</con:mediaType><con:status>404</con:status><con:params/><con:element>html</con:element></con:representation><con:representation type="RESPONSE"><con:mediaType xsi:nil="true"/><con:status>0</con:status><con:params/><con:element>data</con:element></con:representation><con:request name="Request 1" mediaType="application/json"><con:settings><con:setting id="com.eviware.soapui.impl.wsdl.WsdlRequest@request-headers">&lt;xml-fragment/></con:setting></con:settings><con:endpoint>${#Project#baseUrl}</con:endpoint><con:request/><con:originalUri>http://localhost/demo-rest-jersey-spring/podcasts/1</con:originalUri><con:credentials><con:username xsi:nil="true"/><con:password xsi:nil="true"/><con:domain xsi:nil="true"/><con:authType>No Authorization</con:authType></con:credentials><con:jmsConfig JMSDeliveryMode="PERSISTENT"/><con:jmsPropertyConfig/><con:parameters><entry key="id" value="1" xmlns="http://eviware.com/soapui/config"/></con:parameters></con:request></con:method><con:method name="PUT podcast by {id}" method="PUT"><con:settings/><con:parameters/><con:representation type="FAULT"><con:mediaType>application/json</con:mediaType><con:status>405 404 500 400</con:status><con:params/><con:element xmlns:ns="http://localhost/demo-rest-jersey-spring/podcasts/2">ns:Fault</con:element></con:representation><con:representation type="REQUEST"><con:mediaType>application/json</con:mediaType><con:params/></con:representation><con:representation type="RESPONSE"><con:mediaType xsi:nil="true"/><con:status>0</con:status><con:params/><con:element>data</con:element></con:representation><con:representation type="RESPONSE"><con:mediaType>text/html</con:mediaType><con:status>201 200</con:status><con:params/><con:element>html</con:element></con:representation><con:representation type="FAULT"><con:mediaType>text/plain</con:mediaType><con:status>400</con:status><con:params/><con:element>data</con:element></con:representation><con:request name="Request 1" mediaType="application/json" postQueryString="false"><con:settings/><con:endpoint>${#Project#baseUrl}</con:endpoint><con:request/><con:credentials><con:username xsi:nil="true"/><con:password xsi:nil="true"/><con:domain xsi:nil="true"/><con:authType>No Authorization</con:authType></con:credentials><con:jmsConfig JMSDeliveryMode="PERSISTENT"/><con:jmsPropertyConfig/><con:parameters><entry key="id" value="1" xmlns="http://eviware.com/soapui/config"/></con:parameters></con:request></con:method><con:method name="POST (partial update) podcast by {id}" method="POST"><con:settings/><con:parameters/><con:representation type="REQUEST"><con:mediaType>application/json</con:mediaType><con:params/></con:representation><con:representation type="FAULT"><con:mediaType>application/json</con:mediaType><con:status>400 404 500</con:status><con:params/><con:element xmlns:ns="http://localhost/demo-rest-jersey-spring/podcasts/3">ns:Fault</con:element></con:representation><con:representation type="RESPONSE"><con:mediaType>text/html</con:mediaType><con:status>200</con:status><con:params/><con:element>html</con:element></con:representation><con:representation type="RESPONSE"><con:mediaType xsi:nil="true"/><con:status>0</con:status><con:params/><con:element>data</con:element></con:representation><con:representation type="RESPONSE"><con:mediaType xsi:nil="true"/><con:status>0</con:status><con:params/><con:element>data</con:element></con:representation><con:request name="Request 1" mediaType="application/json" postQueryString="false"><con:settings/><con:endpoint>${#Project#baseUrl}</con:endpoint><con:request/><con:credentials><con:username xsi:nil="true"/><con:password xsi:nil="true"/><con:domain xsi:nil="true"/><con:authType>No Authorization</con:authType></con:credentials><con:jmsConfig JMSDeliveryMode="PERSISTENT"/><con:jmsPropertyConfig/><con:parameters/></con:request></con:method><con:method name="DELETE podcast by {id}" method="DELETE"><con:settings/><con:parameters/><con:representation type="RESPONSE"><con:mediaType xsi:nil="true"/><con:status>204</con:status><con:params/><con:element>data</con:element></con:representation><con:representation type="RESPONSE"><con:mediaType xsi:nil="true"/><con:status>204</con:status><con:params/><con:element>data</con:element></con:representation><con:representation type="RESPONSE"><con:mediaType xsi:nil="true"/><con:status>204</con:status><con:params/><con:element>data</con:element></con:representation><con:representation type="RESPONSE"><con:mediaType xsi:nil="true"/><con:status>204</con:status><con:params/><con:element>data</con:element></con:representation><con:request name="Request 1" mediaType="application/json"><con:settings/><con:endpoint>${#Project#baseUrl}</con:endpoint><con:request/><con:credentials><con:username xsi:nil="true"/><con:password xsi:nil="true"/><con:domain xsi:nil="true"/><con:authType>No Authorization</con:authType></con:credentials><con:jmsConfig JMSDeliveryMode="PERSISTENT"/><con:jmsPropertyConfig/><con:parameters/></con:request></con:method><con:method name="Do a HEAD" method="HEAD"><con:settings/><con:parameters/><con:representation type="RESPONSE"><con:mediaType xsi:nil="true"/><con:status>200</con:status><con:params/><con:element>data</con:element></con:representation><con:request name="Request 1" mediaType="application/json"><con:settings><con:setting id="com.eviware.soapui.impl.wsdl.WsdlRequest@request-headers">&lt;xml-fragment/></con:setting></con:settings><con:endpoint>${#Project#baseUrl}</con:endpoint><con:request/><con:originalUri>http://localhost/demo-rest-jersey-spring/podcasts/1</con:originalUri><con:credentials><con:username xsi:nil="true"/><con:password xsi:nil="true"/><con:domain xsi:nil="true"/><con:authType>No Authorization</con:authType></con:credentials><con:jmsConfig JMSDeliveryMode="PERSISTENT"/><con:jmsPropertyConfig/><con:parameters><entry key="id" value="1" xmlns="http://eviware.com/soapui/config"/></con:parameters></con:request></con:method></con:resource><con:resource name="manifest" path="/manifest"><con:settings/><con:parameters/><con:resource name="manifest-attributes" path="implementation-details"><con:settings/><con:parameters/><con:method name="Method 1" method="GET"><con:settings/><con:parameters/><con:representation type="FAULT"><con:mediaType>application/json</con:mediaType><con:status>500</con:status><con:params/><con:element xmlns:man="http://localhost/demo-rest-jersey-spring/version/manifest-attributes">man:Fault</con:element></con:representation><con:representation type="RESPONSE"><con:mediaType>application/json</con:mediaType><con:status>200</con:status><con:params/><con:element>Response</con:element></con:representation><con:representation type="RESPONSE"><con:mediaType>application/xml</con:mediaType><con:status>200</con:status><con:params/><con:element>implementationDetails</con:element></con:representation><con:representation type="FAULT"><con:mediaType>text/html; charset=ISO-8859-1</con:mediaType><con:status>401</con:status><con:params/><con:element>html</con:element></con:representation><con:representation type="FAULT"><con:mediaType>text/html;charset=utf-8</con:mediaType><con:status>401</con:status><con:params/><con:element>html</con:element></con:representation><con:request name="Request 1" mediaType="application/json"><con:settings><con:setting id="com.eviware.soapui.impl.wsdl.WsdlRequest@request-headers">&lt;entry key="accept" value="application/json" xmlns="http://eviware.com/soapui/config"/></con:setting></con:settings><con:endpoint>${#Project#baseUrl}</con:endpoint><con:request/><con:originalUri>http://localhost/demo-rest-jersey-spring/version/manifest-attributes</con:originalUri><con:credentials><con:username xsi:nil="true"/><con:password xsi:nil="true"/><con:domain xsi:nil="true"/><con:authType>No Authorization</con:authType></con:credentials><con:jmsConfig JMSDeliveryMode="PERSISTENT"/><con:jmsPropertyConfig/><con:parameters/></con:request></con:method></con:resource><con:method name="Method 1" method="GET"><con:settings/><con:parameters/><con:representation type="FAULT"><con:mediaType>text/html; charset=ISO-8859-1</con:mediaType><con:status>404 500 401</con:status><con:params/><con:element>html</con:element></con:representation><con:representation type="FAULT"><con:mediaType>application/json</con:mediaType><con:status>500 404</con:status><con:params/><con:element xmlns:ver="http://localhost/version">ver:Fault</con:element></con:representation><con:representation type="RESPONSE"><con:mediaType xsi:nil="true"/><con:status>0</con:status><con:params/><con:element>data</con:element></con:representation><con:representation type="RESPONSE"><con:mediaType>application/xml</con:mediaType><con:status>200</con:status><con:params/><con:element>versionResponse</con:element></con:representation><con:representation type="RESPONSE"><con:mediaType>application/json</con:mediaType><con:status>200</con:status><con:params/><con:element xmlns:ver="http://localhost/version">ver:Response</con:element></con:representation><con:representation type="RESPONSE"><con:mediaType xsi:nil="true"/><con:status>0</con:status><con:params/><con:element>data</con:element></con:representation><con:representation type="RESPONSE"><con:mediaType xsi:nil="true"/><con:status>0</con:status><con:params/><con:element>data</con:element></con:representation><con:representation type="RESPONSE"><con:mediaType xsi:nil="true"/><con:status>0</con:status><con:params/><con:element>data</con:element></con:representation><con:representation type="RESPONSE"><con:mediaType xsi:nil="true"/><con:status>0</con:status><con:params/><con:element>data</con:element></con:representation><con:representation type="RESPONSE"><con:mediaType xsi:nil="true"/><con:status>0</con:status><con:params/><con:element>data</con:element></con:representation><con:representation type="RESPONSE"><con:mediaType xsi:nil="true"/><con:status>0</con:status><con:params/><con:element>data</con:element></con:representation><con:representation type="FAULT"><con:mediaType>text/html;charset=utf-8</con:mediaType><con:status>401</con:status><con:params/><con:element>html</con:element></con:representation><con:request name="Request 1" mediaType="application/json"><con:settings><con:setting id="com.eviware.soapui.impl.wsdl.WsdlRequest@request-headers">&lt;entry key="Accept" value="application/json" xmlns="http://eviware.com/soapui/config"/></con:setting></con:settings><con:endpoint>${#Project#baseUrl}</con:endpoint><con:request/><con:originalUri>http://localhost/version</con:originalUri><con:credentials><con:username xsi:nil="true"/><con:password xsi:nil="true"/><con:domain xsi:nil="true"/><con:authType>No Authorization</con:authType></con:credentials><con:jmsConfig JMSDeliveryMode="PERSISTENT"/><con:jmsPropertyConfig/><con:parameters/></con:request></con:method></con:resource></con:interface><con:testSuite name="CRUD podcasts TestSuite"><con:settings/><con:runType>SEQUENTIAL</con:runType><con:testCase failOnError="true" failTestCaseOnErrors="true" keepSession="false" maxResults="0" name="Create podcast resource" searchProperties="true" id="fc29773f-3919-4f97-932c-0be066273d12"><con:settings/><con:testStep type="properties" name="Properties"><con:settings/><con:config xsi:type="con:PropertiesStep" saveFirst="true" xmlns:xsi="http://www.w3.org/2001/XMLSchema-instance"><con:properties><con:property><con:name>sysdate</con:name><con:value/></con:property></con:properties></con:config></con:testStep><con:testStep type="restrequest" name="_prepare : DELETE all podcasts - 204 (NO_CONTENT)"><con:settings/><con:config service="http://localhost:8888" resourcePath="/podcasts/" methodName="DELETE all podcasts" xsi:type="con:RestRequestStep" xmlns:xsi="http://www.w3.org/2001/XMLSchema-instance"><con:restRequest name="_prepare : DELETE all podcasts - 204 (NO_CONTENT)" mediaType="application/json"><con:settings><con:setting id="com.eviware.soapui.impl.wsdl.WsdlRequest@request-headers">&lt;xml-fragment/></con:setting></con:settings><con:endpoint>${#Project#baseUrl}</con:endpoint><con:request/><con:originalUri>http://localhost/demo-rest-jersey-spring/podcasts/</con:originalUri><con:assertion type="Valid HTTP Status Codes" name="Valid HTTP Status Codes - 204 No Content"><con:configuration><codes>204</codes></con:configuration></con:assertion><con:credentials><con:username xsi:nil="true"/><con:password xsi:nil="true"/><con:domain xsi:nil="true"/><con:authType>No Authorization</con:authType></con:credentials><con:jmsConfig JMSDeliveryMode="PERSISTENT"/><con:jmsPropertyConfig/><con:parameters/></con:restRequest></con:config></con:testStep><con:testStep type="restrequest" name="POST new podcast without feed - 400 (BAD_REQUEST)"><con:settings/><con:config service="http://localhost:8888" resourcePath="/podcasts/" methodName="POST new podcast with JSON" xsi:type="con:RestRequestStep" xmlns:xsi="http://www.w3.org/2001/XMLSchema-instance"><con:restRequest name="POST new podcast without feed - 400 (BAD_REQUEST)" mediaType="application/json" postQueryString="false"><con:settings><con:setting id="com.eviware.soapui.impl.wsdl.WsdlRequest@request-headers">&lt;xml-fragment/></con:setting></con:settings><con:endpoint>${#Project#baseUrl}</con:endpoint><con:request>{
	"title":"- The Naked Scientists Podcast - Stripping Down Science-new-title2",
	"linkOnPodcastpedia":"http://www.podcastpedia.org/podcasts/792/-The-Naked-Scientists-Podcast-Stripping-Down-Science",
	"description":"The Naked Scientists flagship science show brings you a lighthearted look at the latest scientific breakthroughs, interviews with the world top scientists, answers to your science questions and science experiments to try at home."
}</con:request><con:originalUri>http://localhost/demo-rest-jersey-spring/podcasts/</con:originalUri><con:assertion type="Valid HTTP Status Codes" name="Valid HTTP Status Codes - 400 Bad Request"><con:configuration><codes>400</codes></con:configuration></con:assertion><con:assertion type="Simple Contains" name="Contains error message"><con:configuration><token>Please verify that the feed is properly generated/set</token><ignoreCase>false</ignoreCase><useRegEx>false</useRegEx></con:configuration></con:assertion><con:credentials><con:username xsi:nil="true"/><con:password xsi:nil="true"/><con:domain xsi:nil="true"/><con:authType>No Authorization</con:authType></con:credentials><con:jmsConfig JMSDeliveryMode="PERSISTENT"/><con:jmsPropertyConfig/><con:parameters/></con:restRequest></con:config></con:testStep><con:testStep type="restrequest" name="POST new podcast without title - 400 (BAD_REQUEST)"><con:settings/><con:config service="http://localhost:8888" resourcePath="/podcasts/" methodName="POST new podcast with JSON" xsi:type="con:RestRequestStep" xmlns:xsi="http://www.w3.org/2001/XMLSchema-instance"><con:restRequest name="POST new podcast without title - 400 (BAD_REQUEST)" mediaType="application/json" postQueryString="false"><con:settings><con:setting id="com.eviware.soapui.impl.wsdl.WsdlRequest@request-headers">&lt;xml-fragment/></con:setting></con:settings><con:endpoint>${#Project#baseUrl}</con:endpoint><con:request>{
	"linkOnPodcastpedia":"http://www.podcastpedia.org/podcasts/792/-The-Naked-Scientists-Podcast-Stripping-Down-Science",
	"feed":"http://www.thenakedscientists.com/naked_scientists_podcast.xml33",
	"description":"The Naked Scientists flagship science show brings you a lighthearted look at the latest scientific breakthroughs, interviews with the world top scientists, answers to your science questions and science experiments to try at home."
}</con:request><con:originalUri>http://localhost/demo-rest-jersey-spring/podcasts/</con:originalUri><con:assertion type="Valid HTTP Status Codes" name="Valid HTTP Status Codes - 400 Bad Request"><con:configuration><codes>400</codes></con:configuration></con:assertion><con:assertion type="Simple Contains" name="Contains error message"><con:configuration><token>Please verify that the title is properly generated/set</token><ignoreCase>false</ignoreCase><useRegEx>false</useRegEx></con:configuration></con:assertion><con:credentials><con:username xsi:nil="true"/><con:password xsi:nil="true"/><con:domain xsi:nil="true"/><con:authType>No Authorization</con:authType></con:credentials><con:jmsConfig JMSDeliveryMode="PERSISTENT"/><con:jmsPropertyConfig/><con:parameters/></con:restRequest></con:config></con:testStep><con:testStep type="restrequest" name="POST new podcast correctly - 201 (CREATED)"><con:settings/><con:config service="http://localhost:8888" resourcePath="/podcasts/" methodName="POST new podcast with JSON" xsi:type="con:RestRequestStep" xmlns:xsi="http://www.w3.org/2001/XMLSchema-instance"><con:restRequest name="POST new podcast correctly - 201 (CREATED)" mediaType="application/json" postQueryString="false"><con:settings><con:setting id="com.eviware.soapui.impl.wsdl.WsdlRequest@request-headers">&lt;xml-fragment/></con:setting></con:settings><con:endpoint>${#Project#baseUrl}</con:endpoint><con:request>{
"title":"- The Naked Scientists Podcast - Stripping Down Science",
"linkOnPodcastpedia":"http://www.podcastpedia.org/podcasts/792/-The-Naked-Scientists-Podcast-Stripping-Down-Science",
"feed":"feed_placeholder",
"description":"The Naked Scientists flagship science show brings you a lighthearted look at the latest scientific breakthroughs, interviews with the world top scientists, answers to your science questions and science experiments to try at home."
}</con:request><con:originalUri>http://localhost/demo-rest-jersey-spring/podcasts/</con:originalUri><con:assertion type="Valid HTTP Status Codes" name="Valid HTTP Status Codes - 201 Created"><con:configuration><codes>201</codes></con:configuration></con:assertion><con:assertion type="GroovyScriptAssertion" name="Verify &quot;Location&quot; header"><con:configuration><scriptText>//// check for the location header
assert messageExchange.responseHeaders["Location"] != "http://localhost:8888/demo-rest-jersey-spring/podcasts/1"</scriptText></con:configuration></con:assertion><con:credentials><con:username xsi:nil="true"/><con:password xsi:nil="true"/><con:domain xsi:nil="true"/><con:authType>No Authorization</con:authType></con:credentials><con:jmsConfig JMSDeliveryMode="PERSISTENT"/><con:jmsPropertyConfig/><con:parameters/></con:restRequest></con:config></con:testStep><con:testStep type="restrequest" name="POST same podcast as before to receive - 409 (CONFLICT)"><con:settings/><con:config service="http://localhost:8888" resourcePath="/podcasts/" methodName="POST new podcast with JSON" xsi:type="con:RestRequestStep" xmlns:xsi="http://www.w3.org/2001/XMLSchema-instance"><con:restRequest name="POST same podcast as before to receive - 409 (CONFLICT)" mediaType="application/json" postQueryString="false"><con:settings><con:setting id="com.eviware.soapui.impl.wsdl.WsdlRequest@request-headers">&lt;xml-fragment/></con:setting></con:settings><con:endpoint>${#Project#baseUrl}</con:endpoint><con:request>{
	"title":"- The Naked Scientists Podcast - Stripping Down Science",
	"linkOnPodcastpedia":"http://www.podcastpedia.org/podcasts/792/-The-Naked-Scientists-Podcast-Stripping-Down-Science",
	"feed":"feed_placeholder",
	"description":"The Naked Scientists flagship science show brings you a lighthearted look at the latest scientific breakthroughs, interviews with the world top scientists, answers to your science questions and science experiments to try at home."
}</con:request><con:originalUri>http://localhost/demo-rest-jersey-spring/podcasts/</con:originalUri><con:assertion type="Valid HTTP Status Codes" name="Valid HTTP status - 409 Conflict"><con:configuration><codes>409</codes></con:configuration></con:assertion><con:credentials><con:username xsi:nil="true"/><con:password xsi:nil="true"/><con:domain xsi:nil="true"/><con:authType>No Authorization</con:authType></con:credentials><con:jmsConfig JMSDeliveryMode="PERSISTENT"/><con:jmsPropertyConfig/><con:parameters/></con:restRequest></con:config></con:testStep><con:testStep type="restrequest" name="PUT new podcast at location - 201 (CREATED)"><con:settings/><con:config service="http://localhost:8888" resourcePath="/podcasts/{id}" methodName="PUT podcast by {id}" xsi:type="con:RestRequestStep" xmlns:xsi="http://www.w3.org/2001/XMLSchema-instance"><con:restRequest name="PUT new podcast at location - 201 (CREATED)" mediaType="application/json" postQueryString="false"><con:settings><con:setting id="com.eviware.soapui.impl.wsdl.WsdlRequest@request-headers">&lt;xml-fragment/></con:setting></con:settings><con:endpoint>${#Project#baseUrl}</con:endpoint><con:request>{
	"id":2,
	"title":"Quarks &amp; Co - zum Mitnehmen",
	"linkOnPodcastpedia":"http://www.podcastpedia.org/quarks",
	"feed":"http://podcast.wdr.de/quarks.xml",
	"description":"Quarks &amp; Co: Das Wissenschaftsmagazin"
}</con:request><con:originalUri>http://localhost/demo-rest-jersey-spring/podcasts/2</con:originalUri><con:assertion type="Valid HTTP Status Codes" name="Valid HTTP Status Codes - 201 Created"><con:configuration><codes>201</codes></con:configuration></con:assertion><con:assertion type="GroovyScriptAssertion" name="Verify &quot;Location&quot; header"><con:configuration><scriptText>// check for the amazon id header
assert messageExchange.responseHeaders["Location"] != "http://localhost:8888/demo-rest-jersey-spring/podcasts/2"</scriptText></con:configuration></con:assertion><con:credentials><con:username xsi:nil="true"/><con:password xsi:nil="true"/><con:domain xsi:nil="true"/><con:authType>No Authorization</con:authType></con:credentials><con:jmsConfig JMSDeliveryMode="PERSISTENT"/><con:jmsPropertyConfig/><con:parameters><entry key="id" value="2" xmlns="http://eviware.com/soapui/config"/></con:parameters></con:restRequest></con:config></con:testStep><con:properties/></con:testCase><con:testCase failOnError="true" failTestCaseOnErrors="true" keepSession="false" maxResults="0" name="Read podcast resource" searchProperties="true" id="80911afd-e6bb-4f0d-87b2-5abde5d71499"><con:settings/><con:testStep type="restrequest" name="GET new inserted podcast - 200 (OK)"><con:settings/><con:config service="http://localhost:8888" resourcePath="/podcasts/{id}" methodName="GET podcast by {id}" xsi:type="con:RestRequestStep" xmlns:xsi="http://www.w3.org/2001/XMLSchema-instance"><con:restRequest name="GET new inserted podcast - 200 (OK)" mediaType="application/json"><con:settings><con:setting id="com.eviware.soapui.impl.wsdl.WsdlRequest@request-headers">&lt;entry key="Accept" value="application/json, application/xml" xmlns="http://eviware.com/soapui/config"/></con:setting><con:setting id="RecordRequestRepresentations">true</con:setting></con:settings><con:endpoint>${#Project#baseUrl}</con:endpoint><con:request/><con:originalUri>http://localhost/demo-rest-jersey-spring/podcasts/</con:originalUri><con:assertion type="Valid HTTP Status Codes" name="Valid HTTP Status Codes"><con:configuration><codes>200</codes></con:configuration></con:assertion><con:assertion type="Simple Contains" name="Contains specified &quot;feed&quot; property"><con:configuration><token>feed_placeholder</token><ignoreCase>false</ignoreCase><useRegEx>false</useRegEx></con:configuration></con:assertion><con:credentials><con:username xsi:nil="true"/><con:password xsi:nil="true"/><con:domain xsi:nil="true"/><con:authType>No Authorization</con:authType></con:credentials><con:jmsConfig JMSDeliveryMode="PERSISTENT"/><con:jmsPropertyConfig/><con:parameters><entry key="id" value="1" xmlns="http://eviware.com/soapui/config"/></con:parameters><con:parameterOrder><con:entry/></con:parameterOrder></con:restRequest></con:config></con:testStep><con:testStep type="restrequest" name="GET podcasts sorted by insertion date DESC - 200 (OK)"><con:settings/><con:config service="http://localhost:8888" resourcePath="/podcasts/" methodName="GET podcasts" xsi:type="con:RestRequestStep" xmlns:xsi="http://www.w3.org/2001/XMLSchema-instance"><con:restRequest name="GET podcasts sorted by insertion date DESC - 200 (OK)" mediaType="application/json"><con:settings><con:setting id="com.eviware.soapui.impl.wsdl.WsdlRequest@request-headers">&lt;entry key="Accept" value="application/json, application/xml" xmlns="http://eviware.com/soapui/config"/></con:setting></con:settings><con:endpoint>${#Project#baseUrl}</con:endpoint><con:request/><con:originalUri>http://localhost/demo-rest-jersey-spring/podcasts/</con:originalUri><con:assertion type="Valid HTTP Status Codes" name="Valid HTTP Status Codes"><con:configuration><codes>200</codes></con:configuration></con:assertion><con:assertion type="Simple Contains" name="Verify &quot;feed&quot; property"><con:configuration><token>feed_placeholder</token><ignoreCase>false</ignoreCase><useRegEx>false</useRegEx></con:configuration></con:assertion><con:assertion type="Simple Contains" name="Verify &quot;feed&quot; property for second podcast"><con:configuration><token>http://podcast.wdr.de/quarks.xml</token><ignoreCase>false</ignoreCase><useRegEx>false</useRegEx></con:configuration></con:assertion><con:credentials><con:username xsi:nil="true"/><con:password xsi:nil="true"/><con:domain xsi:nil="true"/><con:authType>No Authorization</con:authType></con:credentials><con:jmsConfig JMSDeliveryMode="PERSISTENT"/><con:jmsPropertyConfig/><con:parameters><entry key="orderByInsertionDate" value="DESC" xmlns="http://eviware.com/soapui/config"/></con:parameters><con:parameterOrder><con:entry/></con:parameterOrder></con:restRequest></con:config></con:testStep><con:properties/></con:testCase><con:testCase failOnError="true" failTestCaseOnErrors="true" keepSession="false" maxResults="0" name="Update podcast resource" searchProperties="true" id="20401da1-67cc-46eb-b7dd-c75548cc1269"><con:settings/><con:testStep type="restrequest" name="PUT not &quot;complete&quot; podcast for FULL update - 400 (BAD_REQUEST)"><con:settings/><con:config service="http://localhost:8888" resourcePath="/podcasts/{id}" methodName="PUT podcast by {id}" xsi:type="con:RestRequestStep" xmlns:xsi="http://www.w3.org/2001/XMLSchema-instance"><con:restRequest name="PUT not &quot;complete&quot; podcast for FULL update - 400 (BAD_REQUEST)" mediaType="application/json" postQueryString="false"><con:settings><con:setting id="com.eviware.soapui.impl.wsdl.WsdlRequest@request-headers">&lt;xml-fragment/></con:setting></con:settings><con:endpoint>${#Project#baseUrl}</con:endpoint><con:request>{
	"id":2,
	"title":"Quarks &amp; Co - zum Mitnehmen",
	"linkOnPodcastpedia":"http://www.podcastpedia.org/quarks",
	"feed":"http://podcast.wdr.de/quarks.xml"
}</con:request><con:originalUri>http://localhost/demo-rest-jersey-spring/podcasts/2</con:originalUri><con:assertion type="Valid HTTP Status Codes" name="Valid HTTP Status Codes"><con:configuration><codes>400</codes></con:configuration></con:assertion><con:credentials><con:username xsi:nil="true"/><con:password xsi:nil="true"/><con:domain xsi:nil="true"/><con:authType>No Authorization</con:authType></con:credentials><con:jmsConfig JMSDeliveryMode="PERSISTENT"/><con:jmsPropertyConfig/><con:parameters><entry key="id" value="2" xmlns="http://eviware.com/soapui/config"/></con:parameters></con:restRequest></con:config></con:testStep><con:testStep type="restrequest" name="PUT podcast for FULL update - 200 (OK)"><con:settings/><con:config service="http://localhost:8888" resourcePath="/podcasts/{id}" methodName="PUT podcast by {id}" xsi:type="con:RestRequestStep" xmlns:xsi="http://www.w3.org/2001/XMLSchema-instance"><con:restRequest name="PUT podcast for FULL update - 200 (OK)" mediaType="application/json" postQueryString="false"><con:settings><con:setting id="com.eviware.soapui.impl.wsdl.WsdlRequest@request-headers">&lt;xml-fragment/></con:setting></con:settings><con:endpoint>${#Project#baseUrl}</con:endpoint><con:request>{
	"id":2,
	"title":"Quarks &amp; Co - zum Mitnehmen",
	"linkOnPodcastpedia":"http://www.podcastpedia.org/quarks",
	"feed":"http://podcast.wdr.de/quarks.xml",
	"description":"Quarks &amp; Co: Das Wissenschaftsmagazin"
}</con:request><con:originalUri>http://localhost/demo-rest-jersey-spring/podcasts/2</con:originalUri><con:assertion type="Valid HTTP Status Codes" name="Valid HTTP Status Codes"><con:configuration><codes>200</codes></con:configuration></con:assertion><con:credentials><con:username xsi:nil="true"/><con:password xsi:nil="true"/><con:domain xsi:nil="true"/><con:authType>No Authorization</con:authType></con:credentials><con:jmsConfig JMSDeliveryMode="PERSISTENT"/><con:jmsPropertyConfig/><con:parameters><entry key="id" value="2" xmlns="http://eviware.com/soapui/config"/></con:parameters></con:restRequest></con:config></con:testStep><con:testStep type="restrequest" name="POST (partial update) for not existent podcast - 404 (NOT_FOUND)"><con:settings/><con:config service="http://localhost:8888" resourcePath="/podcasts/{id}" methodName="POST (partial update) podcast by {id}" xsi:type="con:RestRequestStep" xmlns:xsi="http://www.w3.org/2001/XMLSchema-instance"><con:restRequest name="POST (partial update) for not existent podcast - 404 (NOT_FOUND)" mediaType="application/json" postQueryString="false"><con:settings><con:setting id="com.eviware.soapui.impl.wsdl.WsdlRequest@request-headers">&lt;xml-fragment/></con:setting></con:settings><con:endpoint>${#Project#baseUrl}</con:endpoint><con:request>{
	"title":"Quarks &amp; Co - zum Mitnehmen - GREAT PODCAST"
}</con:request><con:originalUri>http://localhost/demo-rest-jersey-spring/podcasts/3</con:originalUri><con:assertion type="Valid HTTP Status Codes" name="Valid HTTP Status Codes"><con:configuration><codes>404</codes></con:configuration></con:assertion><con:credentials><con:username xsi:nil="true"/><con:password xsi:nil="true"/><con:domain xsi:nil="true"/><con:authType>No Authorization</con:authType></con:credentials><con:jmsConfig JMSDeliveryMode="PERSISTENT"/><con:jmsPropertyConfig/><con:parameters><entry key="id" value="3" xmlns="http://eviware.com/soapui/config"/></con:parameters></con:restRequest></con:config></con:testStep><con:testStep type="restrequest" name="POST (partial update) podcast - 200 (OK)"><con:settings/><con:config service="http://localhost:8888" resourcePath="/podcasts/{id}" methodName="POST (partial update) podcast by {id}" xsi:type="con:RestRequestStep" xmlns:xsi="http://www.w3.org/2001/XMLSchema-instance"><con:restRequest name="POST (partial update) podcast - 200 (OK)" mediaType="application/json" postQueryString="false"><con:settings><con:setting id="com.eviware.soapui.impl.wsdl.WsdlRequest@request-headers">&lt;xml-fragment/></con:setting></con:settings><con:endpoint>${#Project#baseUrl}</con:endpoint><con:request>{
	"title":"Quarks &amp; Co - zum Mitnehmen - GREAT PODCAST"
}</con:request><con:originalUri>http://localhost/demo-rest-jersey-spring/podcasts/3</con:originalUri><con:assertion type="Valid HTTP Status Codes" name="Valid HTTP Status Codes"><con:configuration><codes>200</codes></con:configuration></con:assertion><con:credentials><con:username xsi:nil="true"/><con:password xsi:nil="true"/><con:domain xsi:nil="true"/><con:authType>No Authorization</con:authType></con:credentials><con:jmsConfig JMSDeliveryMode="PERSISTENT"/><con:jmsPropertyConfig/><con:parameters><entry key="id" value="2" xmlns="http://eviware.com/soapui/config"/></con:parameters></con:restRequest></con:config></con:testStep><con:properties/></con:testCase><con:testCase failOnError="true" failTestCaseOnErrors="true" keepSession="false" maxResults="0" name="Delete podcast resource" searchProperties="true" id="246dc87a-024d-443a-a540-6e7bac95de76"><con:settings/><con:testStep type="restrequest" name="DELETE second inserted podcast - 204 (NO_CONTENT)"><con:settings/><con:config service="http://localhost:8888" resourcePath="/podcasts/{id}" methodName="DELETE podcast by {id}" xsi:type="con:RestRequestStep" xmlns:xsi="http://www.w3.org/2001/XMLSchema-instance"><con:restRequest name="DELETE second inserted podcast - 204 (NO_CONTENT)" mediaType="application/json"><con:settings><con:setting id="com.eviware.soapui.impl.wsdl.WsdlRequest@request-headers">&lt;xml-fragment/></con:setting></con:settings><con:endpoint>${#Project#baseUrl}</con:endpoint><con:request/><con:originalUri>http://localhost/demo-rest-jersey-spring/podcasts/2</con:originalUri><con:assertion type="Valid HTTP Status Codes" name="Valid HTTP Status Codes"><con:configuration><codes>204</codes></con:configuration></con:assertion><con:credentials><con:username xsi:nil="true"/><con:password xsi:nil="true"/><con:domain xsi:nil="true"/><con:authType>No Authorization</con:authType></con:credentials><con:jmsConfig JMSDeliveryMode="PERSISTENT"/><con:jmsPropertyConfig/><con:parameters><entry key="id" value="2" xmlns="http://eviware.com/soapui/config"/></con:parameters></con:restRequest></con:config></con:testStep><con:testStep type="restrequest" name="GET deleted podcast - 404 (NOT_FOUND)"><con:settings/><con:config service="http://localhost:8888" resourcePath="/podcasts/{id}" methodName="GET podcast by {id}" xsi:type="con:RestRequestStep" xmlns:xsi="http://www.w3.org/2001/XMLSchema-instance"><con:restRequest name="GET deleted podcast - 404 (NOT_FOUND)" mediaType="application/json"><con:settings><con:setting id="com.eviware.soapui.impl.wsdl.WsdlRequest@request-headers">&lt;xml-fragment/></con:setting><con:setting id="RecordRequestRepresentations">true</con:setting></con:settings><con:endpoint>${#Project#baseUrl}</con:endpoint><con:request/><con:originalUri>http://localhost/demo-rest-jersey-spring/podcasts/</con:originalUri><con:assertion type="Valid HTTP Status Codes" name="Valid HTTP Status Codes"><con:configuration><codes>404</codes></con:configuration></con:assertion><con:credentials><con:username xsi:nil="true"/><con:password xsi:nil="true"/><con:domain xsi:nil="true"/><con:authType>No Authorization</con:authType></con:credentials><con:jmsConfig JMSDeliveryMode="PERSISTENT"/><con:jmsPropertyConfig/><con:parameters><entry key="id" value="2" xmlns="http://eviware.com/soapui/config"/></con:parameters><con:parameterOrder><con:entry/></con:parameterOrder></con:restRequest></con:config></con:testStep><con:properties/></con:testCase><con:testCase failOnError="true" failTestCaseOnErrors="true" keepSession="false" maxResults="0" name="Bonus operations" searchProperties="true" id="e1fea66b-faec-4c42-ae03-19087cadb4fc"><con:settings/><con:testStep type="restrequest" name="add podcast from application form urlencoded"><con:settings/><con:config service="http://localhost:8888" resourcePath="/podcasts/" methodName="POST new podcast with form url encoded data" xsi:type="con:RestRequestStep" xmlns:xsi="http://www.w3.org/2001/XMLSchema-instance"><con:restRequest name="add podcast from application form urlencoded" mediaType="application/x-www-form-urlencoded" postQueryString="true"><con:settings><con:setting id="com.eviware.soapui.impl.wsdl.WsdlRequest@request-headers">&lt;xml-fragment/></con:setting></con:settings><con:endpoint>${#Project#baseUrl}</con:endpoint><con:request/><con:originalUri>http://localhost/demo-rest-jersey-spring/podcasts/</con:originalUri><con:credentials><con:username xsi:nil="true"/><con:password xsi:nil="true"/><con:domain xsi:nil="true"/><con:authType>No Authorization</con:authType></con:credentials><con:jmsConfig JMSDeliveryMode="PERSISTENT"/><con:jmsPropertyConfig/><con:parameters>
  <con:entry key="title" value="Day in Tech History"/>
  <con:entry key="feed" value="http://www.dayintechhistory.com/feed/podcast-2"/>
  <con:entry key="linkOnPodcastpedia" value="http://www.podcastpedia.org/podcasts/766/Day-in-Tech-History"/>
</con:parameters><con:parameterOrder><con:entry>orderByInsertionDate</con:entry><con:entry>title</con:entry><con:entry>linkOnPodcastpedia</con:entry><con:entry>feed</con:entry><con:entry>description</con:entry></con:parameterOrder></con:restRequest></con:config></con:testStep><con:properties/></con:testCase><con:properties/></con:testSuite><con:testSuite name="Check API alive"><con:settings/><con:runType>SEQUENTIAL</con:runType><con:testCase failOnError="true" failTestCaseOnErrors="true" keepSession="false" maxResults="0" name="Get Manifest details" searchProperties="true" id="74432ac9-2589-40ad-976a-234c00455cba"><con:settings/><con:testStep type="restrequest" name="GET manifest"><con:settings/><con:config service="http://localhost:8888" resourcePath="/manifest" methodName="Method 1" xsi:type="con:RestRequestStep" xmlns:xsi="http://www.w3.org/2001/XMLSchema-instance"><con:restRequest name="GET manifest" mediaType="application/json"><con:settings><con:setting id="com.eviware.soapui.impl.wsdl.WsdlRequest@request-headers">&lt;entry key="Accept" value="application/json" xmlns="http://eviware.com/soapui/config"/></con:setting></con:settings><con:endpoint>${#Project#baseUrl}</con:endpoint><con:request/><con:originalUri>http://localhost/version</con:originalUri><con:assertion type="Valid HTTP Status Codes" name="Valid HTTP Status Codes - 200 OK"><con:configuration><codes>200</codes></con:configuration></con:assertion><con:assertion type="Simple Contains" name="Contains &quot;DemoRestWS&quot;"><con:configuration><token>DemoRestWS</token><ignoreCase>false</ignoreCase><useRegEx>false</useRegEx></con:configuration></con:assertion><con:credentials><con:username>rest</con:username><con:password>rest</con:password><con:domain xsi:nil="true"/><con:selectedAuthProfile>Basic</con:selectedAuthProfile><con:addedBasicAuthenticationTypes>Basic</con:addedBasicAuthenticationTypes><con:authType>Global HTTP Settings</con:authType></con:credentials><con:jmsConfig JMSDeliveryMode="PERSISTENT"/><con:jmsPropertyConfig/><con:parameters/></con:restRequest></con:config></con:testStep><con:testStep type="restrequest" name="GET implementation details"><con:settings/><con:config service="http://localhost:8888" resourcePath="/manifest/implementation-details" methodName="Method 1" xsi:type="con:RestRequestStep" xmlns:xsi="http://www.w3.org/2001/XMLSchema-instance"><con:restRequest name="GET implementation details" mediaType="application/json"><con:settings><con:setting id="com.eviware.soapui.impl.wsdl.WsdlRequest@request-headers">&lt;entry key="accept" value="application/json" xmlns="http://eviware.com/soapui/config"/></con:setting></con:settings><con:endpoint>${#Project#baseUrl}</con:endpoint><con:request/><con:originalUri>http://localhost/demo-rest-jersey-spring/version/manifest-attributes</con:originalUri><con:assertion type="Valid HTTP Status Codes" name="Valid HTTP Status Codes - 200 OK"><con:configuration><codes>200</codes></con:configuration></con:assertion><con:credentials><con:username>rest</con:username><con:password>rest</con:password><con:domain xsi:nil="true"/><con:selectedAuthProfile>Basic</con:selectedAuthProfile><con:addedBasicAuthenticationTypes>Basic</con:addedBasicAuthenticationTypes><con:authType>Global HTTP Settings</con:authType></con:credentials><con:jmsConfig JMSDeliveryMode="PERSISTENT"/><con:jmsPropertyConfig/><con:parameters/></con:restRequest></con:config></con:testStep><con:properties/></con:testCase><con:properties/></con:testSuite><con:properties><con:property><con:name>baseUrl</con:name><con:value>http://localhost:8888/demo-rest-jersey-spring</con:value></con:property></con:properties><con:wssContainer/><con:oAuth2ProfileContainer/><con:sensitiveInformation/></con:soapui-project>